
28547 : 0x312acf5421800 : 1 : spill_jit_data :  Jit agent is not initialized
28547 : 0x312acf543139a : 2 : ittapi_config_mask_get :  --itt-config mask to be applied: 183
28547 : 0x312acf54345ec : 2 : ittapi_config_apply_per_lib :  ITTAPI function instrumented: __itt_domain_create
28547 : 0x312acf54351dc : 2 : ittapi_config_apply_per_lib :  ITTAPI function instrumented: __itt_string_handle_create
28547 : 0x312acf5435b13 : 2 : ittapi_config_apply_per_lib :  ITTAPI function instrumented: __itt_counter_create
28547 : 0x312acf54363ef : 2 : ittapi_config_apply_per_lib :  ITTAPI function instrumented: __itt_counter_create_typed
28547 : 0x312acf5436df2 : 2 : ittapi_config_apply_per_lib :  ITTAPI function instrumented: __itt_pause
28547 : 0x312acf5437871 : 2 : ittapi_config_apply_per_lib :  ITTAPI function instrumented: __itt_resume
28547 : 0x312acf5438214 : 2 : ittapi_config_apply_per_lib :  ITTAPI function instrumented: __itt_thread_set_name
28547 : 0x312acf5438c5b : 2 : ittapi_config_apply_per_lib :  ITTAPI function instrumented: __itt_thread_ignore
28547 : 0x312acf543e9e9 : 2 : ittapi_config_apply_per_lib :  ITTAPI function instrumented: __itt_thr_name_set
28547 : 0x312acf543fb0f : 2 : ittapi_config_apply_per_lib :  ITTAPI function instrumented: __itt_thr_ignore
28547 : 0x312acf5441231 : 2 : ittapi_config_apply_per_lib :  ITTAPI function not implemented: __itt_enable_attach
28547 : 0x312acf5441d88 : 2 : ittapi_config_apply_per_lib :  ITTAPI function instrumented: __itt_detach
28547 : 0x312acf54425f2 : 2 : ittapi_config_apply_per_lib :  ITTAPI function NOT instrumented (not matched by --itt-config option): __itt_sync_create

28547 : 0x312acf5443a7e : 2 : ittapi_config_apply_per_lib :  ITTAPI function NOT instrumented (not matched by --itt-config option): __itt_sync_rename

28547 : 0x312acf5444341 : 2 : ittapi_config_apply_per_lib :  ITTAPI function NOT instrumented (not matched by --itt-config option): __itt_sync_destroy

28547 : 0x312acf5444b36 : 2 : ittapi_config_apply_per_lib :  ITTAPI function NOT instrumented (not matched by --itt-config option): __itt_sync_prepare

28547 : 0x312acf544532f : 2 : ittapi_config_apply_per_lib :  ITTAPI function NOT instrumented (not matched by --itt-config option): __itt_sync_cancel

28547 : 0x312acf5445ab4 : 2 : ittapi_config_apply_per_lib :  ITTAPI function NOT instrumented (not matched by --itt-config option): __itt_sync_acquired

28547 : 0x312acf544870e : 2 : ittapi_config_apply_per_lib :  ITTAPI function NOT instrumented (not matched by --itt-config option): __itt_sync_releasing

28547 : 0x312acf5449573 : 2 : ittapi_config_apply_per_lib :  ITTAPI function not implemented: __itt_suppress_push
28547 : 0x312acf544a1c4 : 2 : ittapi_config_apply_per_lib :  ITTAPI function not implemented: __itt_suppress_pop
28547 : 0x312acf544ad0d : 2 : ittapi_config_apply_per_lib :  ITTAPI function not implemented: __itt_suppress_mark_range
28547 : 0x312acf544b7d5 : 2 : ittapi_config_apply_per_lib :  ITTAPI function not implemented: __itt_suppress_clear_range
28547 : 0x312acf544bfa8 : 2 : ittapi_config_apply_per_lib :  ITTAPI function NOT instrumented (not matched by --itt-config option): __itt_sync_prepare

28547 : 0x312acf544c780 : 2 : ittapi_config_apply_per_lib :  ITTAPI function NOT instrumented (not matched by --itt-config option): __itt_sync_cancel

28547 : 0x312acf544cf31 : 2 : ittapi_config_apply_per_lib :  ITTAPI function NOT instrumented (not matched by --itt-config option): __itt_sync_acquired

28547 : 0x312acf544d6dc : 2 : ittapi_config_apply_per_lib :  ITTAPI function NOT instrumented (not matched by --itt-config option): __itt_sync_releasing

28547 : 0x312acf544e064 : 2 : ittapi_config_apply_per_lib :  ITTAPI function instrumented: __itt_model_site_begin
28547 : 0x312acf54500cb : 2 : ittapi_config_apply_per_lib :  ITTAPI function instrumented: __itt_model_site_end
28547 : 0x312acf5450a97 : 2 : ittapi_config_apply_per_lib :  ITTAPI function instrumented: __itt_model_task_begin
28547 : 0x312acf545136d : 2 : ittapi_config_apply_per_lib :  ITTAPI function instrumented: __itt_model_task_end
28547 : 0x312acf5451c50 : 2 : ittapi_config_apply_per_lib :  ITTAPI function instrumented: __itt_model_lock_acquire
28547 : 0x312acf545254e : 2 : ittapi_config_apply_per_lib :  ITTAPI function instrumented: __itt_model_lock_release
28547 : 0x312acf5452fc2 : 2 : ittapi_config_apply_per_lib :  ITTAPI function not implemented: __itt_model_record_allocation
28547 : 0x312acf5453aad : 2 : ittapi_config_apply_per_lib :  ITTAPI function not implemented: __itt_model_record_deallocation
28547 : 0x312acf545458e : 2 : ittapi_config_apply_per_lib :  ITTAPI function not implemented: __itt_model_induction_uses
28547 : 0x312acf5454f74 : 2 : ittapi_config_apply_per_lib :  ITTAPI function not implemented: __itt_model_reduction_uses
28547 : 0x312acf54559f4 : 2 : ittapi_config_apply_per_lib :  ITTAPI function not implemented: __itt_model_observe_uses
28547 : 0x312acf5458552 : 2 : ittapi_config_apply_per_lib :  ITTAPI function not implemented: __itt_model_clear_uses
28547 : 0x312acf5458f58 : 2 : ittapi_config_apply_per_lib :  ITTAPI function instrumented: __itt_model_site_beginA
28547 : 0x312acf5459863 : 2 : ittapi_config_apply_per_lib :  ITTAPI function instrumented: __itt_model_site_beginAL
28547 : 0x312acf545a150 : 2 : ittapi_config_apply_per_lib :  ITTAPI function instrumented: __itt_model_task_beginA
28547 : 0x312acf545a9bb : 2 : ittapi_config_apply_per_lib :  ITTAPI function instrumented: __itt_model_task_beginAL
28547 : 0x312acf545b291 : 2 : ittapi_config_apply_per_lib :  ITTAPI function instrumented: __itt_model_iteration_taskA
28547 : 0x312acf545bc02 : 2 : ittapi_config_apply_per_lib :  ITTAPI function instrumented: __itt_model_iteration_taskAL
28547 : 0x312acf545c486 : 2 : ittapi_config_apply_per_lib :  ITTAPI function instrumented: __itt_model_site_end_2
28547 : 0x312acf545ccfb : 2 : ittapi_config_apply_per_lib :  ITTAPI function instrumented: __itt_model_task_end_2
28547 : 0x312acf545d5ff : 2 : ittapi_config_apply_per_lib :  ITTAPI function instrumented: __itt_model_lock_acquire_2
28547 : 0x312acf545f59b : 2 : ittapi_config_apply_per_lib :  ITTAPI function instrumented: __itt_model_lock_release_2
28547 : 0x312acf5460025 : 2 : ittapi_config_apply_per_lib :  ITTAPI function instrumented: __itt_model_aggregate_task
28547 : 0x312acf5460965 : 2 : ittapi_config_apply_per_lib :  ITTAPI function instrumented: __itt_model_disable_push
28547 : 0x312acf54611f3 : 2 : ittapi_config_apply_per_lib :  ITTAPI function instrumented: __itt_model_disable_pop
28547 : 0x312acf5461a83 : 2 : ittapi_config_apply_per_lib :  ITTAPI function instrumented: __itt_heap_function_create
28547 : 0x312acf5462377 : 2 : ittapi_config_apply_per_lib :  ITTAPI function instrumented: __itt_heap_allocate_begin
28547 : 0x312acf5462d00 : 2 : ittapi_config_apply_per_lib :  ITTAPI function instrumented: __itt_heap_allocate_end
28547 : 0x312acf546358d : 2 : ittapi_config_apply_per_lib :  ITTAPI function instrumented: __itt_heap_free_begin
28547 : 0x312acf5463e91 : 2 : ittapi_config_apply_per_lib :  ITTAPI function instrumented: __itt_heap_free_end
28547 : 0x312acf5464753 : 2 : ittapi_config_apply_per_lib :  ITTAPI function instrumented: __itt_heap_reallocate_begin
28547 : 0x312acf5466649 : 2 : ittapi_config_apply_per_lib :  ITTAPI function instrumented: __itt_heap_reallocate_end
28547 : 0x312acf5467297 : 2 : ittapi_config_apply_per_lib :  ITTAPI function not implemented: __itt_heap_internal_access_begin
28547 : 0x312acf5467e81 : 2 : ittapi_config_apply_per_lib :  ITTAPI function not implemented: __itt_heap_internal_access_end
28547 : 0x312acf54688f3 : 2 : ittapi_config_apply_per_lib :  ITTAPI function not implemented: __itt_heap_record_memory_growth_begin
28547 : 0x312acf546948e : 2 : ittapi_config_apply_per_lib :  ITTAPI function not implemented: __itt_heap_record_memory_growth_end
28547 : 0x312acf5469e75 : 2 : ittapi_config_apply_per_lib :  ITTAPI function not implemented: __itt_heap_reset_detection
28547 : 0x312acf546a8ed : 2 : ittapi_config_apply_per_lib :  ITTAPI function not implemented: __itt_heap_record
28547 : 0x312acf546b2ef : 2 : ittapi_config_apply_per_lib :  ITTAPI function not implemented: __itt_id_create
28547 : 0x312acf546bcbf : 2 : ittapi_config_apply_per_lib :  ITTAPI function not implemented: __itt_id_destroy
28547 : 0x312acf546c5c0 : 2 : ittapi_config_apply_per_lib :  ITTAPI function instrumented: __itt_get_timestamp
28547 : 0x312acf546f9c8 : 2 : ittapi_config_apply_per_lib :  ITTAPI function not implemented: __itt_region_begin
28547 : 0x312acf547048e : 2 : ittapi_config_apply_per_lib :  ITTAPI function not implemented: __itt_region_end
28547 : 0x312acf5470d5d : 2 : ittapi_config_apply_per_lib :  ITTAPI function instrumented: __itt_frame_begin_v3
28547 : 0x312acf5471675 : 2 : ittapi_config_apply_per_lib :  ITTAPI function instrumented: __itt_frame_end_v3
28547 : 0x312acf5471f6c : 2 : ittapi_config_apply_per_lib :  ITTAPI function instrumented: __itt_frame_submit_v3
28547 : 0x312acf547297b : 2 : ittapi_config_apply_per_lib :  ITTAPI function not implemented: __itt_task_group
28547 : 0x312acf5473279 : 2 : ittapi_config_apply_per_lib :  ITTAPI function instrumented: __itt_task_begin
28547 : 0x312acf5473b8e : 2 : ittapi_config_apply_per_lib :  ITTAPI function instrumented: __itt_task_begin_fn
28547 : 0x312acf547443a : 2 : ittapi_config_apply_per_lib :  ITTAPI function instrumented: __itt_task_end
28547 : 0x312acf5474e92 : 2 : ittapi_config_apply_per_lib :  ITTAPI function not implemented: __itt_counter_inc_v3
28547 : 0x312acf5477312 : 2 : ittapi_config_apply_per_lib :  ITTAPI function not implemented: __itt_counter_inc_delta_v3
28547 : 0x312acf5477e1e : 2 : ittapi_config_apply_per_lib :  ITTAPI function not implemented: __itt_counter_dec_v3
28547 : 0x312acf54788a5 : 2 : ittapi_config_apply_per_lib :  ITTAPI function not implemented: __itt_counter_dec_delta_v3
28547 : 0x312acf5479324 : 2 : ittapi_config_apply_per_lib :  ITTAPI function not implemented: __itt_marker
28547 : 0x312acf547a738 : 2 : ittapi_config_apply_per_lib :  ITTAPI function instrumented: __itt_metadata_add
28547 : 0x312acf547b168 : 2 : ittapi_config_apply_per_lib :  ITTAPI function not implemented: __itt_metadata_str_add
28547 : 0x312acf547bb9f : 2 : ittapi_config_apply_per_lib :  ITTAPI function not implemented: __itt_relation_add_to_current
28547 : 0x312acf547c5b8 : 2 : ittapi_config_apply_per_lib :  ITTAPI function not implemented: __itt_relation_add
28547 : 0x312acf547cf07 : 2 : ittapi_config_apply_per_lib :  ITTAPI function instrumented: __itt_event_create
28547 : 0x312acf547d7db : 2 : ittapi_config_apply_per_lib :  ITTAPI function instrumented: __itt_event_start
28547 : 0x312acf547fc43 : 2 : ittapi_config_apply_per_lib :  ITTAPI function instrumented: __itt_event_end
28547 : 0x312acf548044c : 2 : ittapi_config_apply_per_lib :  ITTAPI function NOT instrumented (not matched by --itt-config option): __itt_sync_set_name

28547 : 0x312acf5480c35 : 2 : ittapi_config_apply_per_lib :  ITTAPI function NOT instrumented (not matched by --itt-config option): __itt_notify_sync_name

28547 : 0x312acf5481434 : 2 : ittapi_config_apply_per_lib :  ITTAPI function NOT instrumented (not matched by --itt-config option): __itt_notify_sync_prepare

28547 : 0x312acf5481c41 : 2 : ittapi_config_apply_per_lib :  ITTAPI function NOT instrumented (not matched by --itt-config option): __itt_notify_sync_cancel

28547 : 0x312acf5482456 : 2 : ittapi_config_apply_per_lib :  ITTAPI function NOT instrumented (not matched by --itt-config option): __itt_notify_sync_acquired

28547 : 0x312acf5482c26 : 2 : ittapi_config_apply_per_lib :  ITTAPI function NOT instrumented (not matched by --itt-config option): __itt_notify_sync_releasing

28547 : 0x312acf54836c4 : 2 : ittapi_config_apply_per_lib :  ITTAPI function not implemented: __itt_memory_read
28547 : 0x312acf548410d : 2 : ittapi_config_apply_per_lib :  ITTAPI function not implemented: __itt_memory_write
28547 : 0x312acf5484b3a : 2 : ittapi_config_apply_per_lib :  ITTAPI function not implemented: __itt_memory_update
28547 : 0x312acf5486fb8 : 2 : ittapi_config_apply_per_lib :  ITTAPI function not implemented: __itt_state_get
28547 : 0x312acf5487a51 : 2 : ittapi_config_apply_per_lib :  ITTAPI function not implemented: __itt_state_set
28547 : 0x312acf5488476 : 2 : ittapi_config_apply_per_lib :  ITTAPI function not implemented: __itt_obj_mode_set
28547 : 0x312acf5488e6f : 2 : ittapi_config_apply_per_lib :  ITTAPI function not implemented: __itt_thr_mode_set
28547 : 0x312acf548970c : 2 : ittapi_config_apply_per_lib :  ITTAPI function instrumented: __itt_frame_create
28547 : 0x312acf548a028 : 2 : ittapi_config_apply_per_lib :  ITTAPI function instrumented: __itt_frame_begin
28547 : 0x312acf548a901 : 2 : ittapi_config_apply_per_lib :  ITTAPI function instrumented: __itt_frame_end
28547 : 0x312acf548b33f : 2 : ittapi_config_apply_per_lib :  ITTAPI function not implemented: __itt_counter_destroy
28547 : 0x312acf548bc45 : 2 : ittapi_config_apply_per_lib :  ITTAPI function instrumented: __itt_counter_inc
28547 : 0x312acf548c553 : 2 : ittapi_config_apply_per_lib :  ITTAPI function instrumented: __itt_counter_inc_delta
28547 : 0x312acf548ecb8 : 2 : ittapi_config_apply_per_lib :  ITTAPI function instrumented: __itt_counter_dec
28547 : 0x312acf548f608 : 2 : ittapi_config_apply_per_lib :  ITTAPI function instrumented: __itt_counter_dec_delta
28547 : 0x312acf548fea1 : 2 : ittapi_config_apply_per_lib :  ITTAPI function instrumented: __itt_counter_set_value
28547 : 0x312acf5490842 : 2 : ittapi_config_apply_per_lib :  ITTAPI function not implemented: __itt_counter_set_value_ex
28547 : 0x312acf5491229 : 2 : ittapi_config_apply_per_lib :  ITTAPI function not implemented: __itt_mark_create
28547 : 0x312acf5491c19 : 2 : ittapi_config_apply_per_lib :  ITTAPI function not implemented: __itt_mark
28547 : 0x312acf54926c3 : 2 : ittapi_config_apply_per_lib :  ITTAPI function not implemented: __itt_mark_off
28547 : 0x312acf5493088 : 2 : ittapi_config_apply_per_lib :  ITTAPI function not implemented: __itt_mark_global
28547 : 0x312acf5493a3d : 2 : ittapi_config_apply_per_lib :  ITTAPI function not implemented: __itt_mark_global_off
28547 : 0x312acf54943b6 : 2 : ittapi_config_apply_per_lib :  ITTAPI function instrumented: __itt_stack_caller_create
28547 : 0x312acf54963f5 : 2 : ittapi_config_apply_per_lib :  ITTAPI function instrumented: __itt_stack_caller_destroy
28547 : 0x312acf5496d46 : 2 : ittapi_config_apply_per_lib :  ITTAPI function instrumented: __itt_stack_callee_enter
28547 : 0x312acf549761f : 2 : ittapi_config_apply_per_lib :  ITTAPI function instrumented: __itt_stack_callee_leave
28547 : 0x312acf549806e : 2 : ittapi_config_apply_per_lib :  ITTAPI function not implemented: __itt_clock_domain_create
28547 : 0x312acf5498b2d : 2 : ittapi_config_apply_per_lib :  ITTAPI function not implemented: __itt_clock_domain_reset
28547 : 0x312acf54994e6 : 2 : ittapi_config_apply_per_lib :  ITTAPI function not implemented: __itt_id_create_ex
28547 : 0x312acf5499ebe : 2 : ittapi_config_apply_per_lib :  ITTAPI function not implemented: __itt_id_destroy_ex
28547 : 0x312acf549a8df : 2 : ittapi_config_apply_per_lib :  ITTAPI function not implemented: __itt_task_begin_ex
28547 : 0x312acf549b319 : 2 : ittapi_config_apply_per_lib :  ITTAPI function not implemented: __itt_task_begin_fn_ex
28547 : 0x312acf549bd5e : 2 : ittapi_config_apply_per_lib :  ITTAPI function not implemented: __itt_task_end_ex
28547 : 0x312acf549db22 : 2 : ittapi_config_apply_per_lib :  ITTAPI function instrumented: __itt_task_begin_overlapped
28547 : 0x312acf549e622 : 2 : ittapi_config_apply_per_lib :  ITTAPI function not implemented: __itt_task_begin_overlapped_ex
28547 : 0x312acf549ef1d : 2 : ittapi_config_apply_per_lib :  ITTAPI function instrumented: __itt_task_end_overlapped
28547 : 0x312acf549f978 : 2 : ittapi_config_apply_per_lib :  ITTAPI function not implemented: __itt_task_end_overlapped_ex
28547 : 0x312acf54a0354 : 2 : ittapi_config_apply_per_lib :  ITTAPI function not implemented: __itt_marker_ex
28547 : 0x312acf54a0d96 : 2 : ittapi_config_apply_per_lib :  ITTAPI function not implemented: __itt_metadata_add_with_scope
28547 : 0x312acf54a1821 : 2 : ittapi_config_apply_per_lib :  ITTAPI function not implemented: __itt_metadata_str_add_with_scope
28547 : 0x312acf54a22f6 : 2 : ittapi_config_apply_per_lib :  ITTAPI function not implemented: __itt_relation_add_to_current_ex
28547 : 0x312acf54a2cd0 : 2 : ittapi_config_apply_per_lib :  ITTAPI function not implemented: __itt_relation_add_ex
28547 : 0x312acf54a670e : 2 : ittapi_config_apply_per_lib :  ITTAPI function not implemented: __itt_track_group_create
28547 : 0x312acf54a97f1 : 2 : ittapi_config_apply_per_lib :  ITTAPI function not implemented: __itt_track_create
28547 : 0x312acf54aa27a : 2 : ittapi_config_apply_per_lib :  ITTAPI function not implemented: __itt_set_track
28547 : 0x312acf54aab82 : 2 : ittapi_config_apply_per_lib :  ITTAPI function instrumented: __itt_api_version
28547 : 0x312acf54ab551 : 2 : ittapi_config_apply_per_lib :  ITTAPI function not implemented: __itt_av_save
28547 : 0x312acf54abe1a : 2 : ittapi_config_apply_per_lib :  ITTAPI function instrumented: __itt_module_load
28547 : 0x312acf553a8c4 : 2 : ittapi_config_mask_get :  --itt-config mask to be applied: 183
28547 : 0x312acf553bb8c : 2 : ittapi_config_apply_per_lib :  ITTAPI function instrumented: __itt_domain_create
28547 : 0x312acf553c53e : 2 : ittapi_config_apply_per_lib :  ITTAPI function instrumented: __itt_string_handle_create
28547 : 0x312acf553ceb0 : 2 : ittapi_config_apply_per_lib :  ITTAPI function instrumented: __itt_pause
28547 : 0x312acf553d812 : 2 : ittapi_config_apply_per_lib :  ITTAPI function instrumented: __itt_resume
28547 : 0x312acf5540c65 : 2 : ittapi_config_apply_per_lib :  ITTAPI function instrumented: __itt_thread_set_name
28547 : 0x312acf5541633 : 2 : ittapi_config_apply_per_lib :  ITTAPI function instrumented: __itt_thread_ignore
28547 : 0x312acf5541ed2 : 2 : ittapi_config_apply_per_lib :  ITTAPI function instrumented: __itt_thr_name_set
28547 : 0x312acf55427f7 : 2 : ittapi_config_apply_per_lib :  ITTAPI function instrumented: __itt_thr_ignore
28547 : 0x312acf554361d : 2 : ittapi_config_apply_per_lib :  ITTAPI function not implemented: __itt_enable_attach
28547 : 0x312acf55440ca : 2 : ittapi_config_apply_per_lib :  ITTAPI function instrumented: __itt_detach
28547 : 0x312acf55448ea : 2 : ittapi_config_apply_per_lib :  ITTAPI function NOT instrumented (not matched by --itt-config option): __itt_sync_create

28547 : 0x312acf554516b : 2 : ittapi_config_apply_per_lib :  ITTAPI function NOT instrumented (not matched by --itt-config option): __itt_sync_rename

28547 : 0x312acf554597f : 2 : ittapi_config_apply_per_lib :  ITTAPI function NOT instrumented (not matched by --itt-config option): __itt_sync_destroy

28547 : 0x312acf5546171 : 2 : ittapi_config_apply_per_lib :  ITTAPI function NOT instrumented (not matched by --itt-config option): __itt_sync_prepare

28547 : 0x312acf5547f3b : 2 : ittapi_config_apply_per_lib :  ITTAPI function NOT instrumented (not matched by --itt-config option): __itt_sync_cancel

28547 : 0x312acf5548744 : 2 : ittapi_config_apply_per_lib :  ITTAPI function NOT instrumented (not matched by --itt-config option): __itt_sync_acquired

28547 : 0x312acf5548f55 : 2 : ittapi_config_apply_per_lib :  ITTAPI function NOT instrumented (not matched by --itt-config option): __itt_sync_releasing

28547 : 0x312acf5549a56 : 2 : ittapi_config_apply_per_lib :  ITTAPI function not implemented: __itt_suppress_push
28547 : 0x312acf554a5f6 : 2 : ittapi_config_apply_per_lib :  ITTAPI function not implemented: __itt_suppress_pop
28547 : 0x312acf554b11d : 2 : ittapi_config_apply_per_lib :  ITTAPI function not implemented: __itt_suppress_mark_range
28547 : 0x312acf554bb9f : 2 : ittapi_config_apply_per_lib :  ITTAPI function not implemented: __itt_suppress_clear_range
28547 : 0x312acf554c3a3 : 2 : ittapi_config_apply_per_lib :  ITTAPI function NOT instrumented (not matched by --itt-config option): __itt_sync_prepare

28547 : 0x312acf554cb49 : 2 : ittapi_config_apply_per_lib :  ITTAPI function NOT instrumented (not matched by --itt-config option): __itt_sync_cancel

28547 : 0x312acf554d35a : 2 : ittapi_config_apply_per_lib :  ITTAPI function NOT instrumented (not matched by --itt-config option): __itt_sync_acquired

28547 : 0x312acf554f00c : 2 : ittapi_config_apply_per_lib :  ITTAPI function NOT instrumented (not matched by --itt-config option): __itt_sync_releasing

28547 : 0x312acf554fa17 : 2 : ittapi_config_apply_per_lib :  ITTAPI function instrumented: __itt_model_site_begin
28547 : 0x312acf555037c : 2 : ittapi_config_apply_per_lib :  ITTAPI function instrumented: __itt_model_site_end
28547 : 0x312acf5550cc5 : 2 : ittapi_config_apply_per_lib :  ITTAPI function instrumented: __itt_model_task_begin
28547 : 0x312acf555158d : 2 : ittapi_config_apply_per_lib :  ITTAPI function instrumented: __itt_model_task_end
28547 : 0x312acf5551e74 : 2 : ittapi_config_apply_per_lib :  ITTAPI function instrumented: __itt_model_lock_acquire
28547 : 0x312acf555277f : 2 : ittapi_config_apply_per_lib :  ITTAPI function instrumented: __itt_model_lock_release
28547 : 0x312acf5553209 : 2 : ittapi_config_apply_per_lib :  ITTAPI function not implemented: __itt_model_record_allocation
28547 : 0x312acf5553cd8 : 2 : ittapi_config_apply_per_lib :  ITTAPI function not implemented: __itt_model_record_deallocation
28547 : 0x312acf5554778 : 2 : ittapi_config_apply_per_lib :  ITTAPI function not implemented: __itt_model_induction_uses
28547 : 0x312acf5556ef9 : 2 : ittapi_config_apply_per_lib :  ITTAPI function not implemented: __itt_model_reduction_uses
28547 : 0x312acf5557a90 : 2 : ittapi_config_apply_per_lib :  ITTAPI function not implemented: __itt_model_observe_uses
28547 : 0x312acf55584db : 2 : ittapi_config_apply_per_lib :  ITTAPI function not implemented: __itt_model_clear_uses
28547 : 0x312acf5558d94 : 2 : ittapi_config_apply_per_lib :  ITTAPI function instrumented: __itt_model_site_beginA
28547 : 0x312acf5559659 : 2 : ittapi_config_apply_per_lib :  ITTAPI function instrumented: __itt_model_site_beginAL
28547 : 0x312acf5559f07 : 2 : ittapi_config_apply_per_lib :  ITTAPI function instrumented: __itt_model_task_beginA
28547 : 0x312acf555a78e : 2 : ittapi_config_apply_per_lib :  ITTAPI function instrumented: __itt_model_task_beginAL
28547 : 0x312acf555b030 : 2 : ittapi_config_apply_per_lib :  ITTAPI function instrumented: __itt_model_iteration_taskA
28547 : 0x312acf555b909 : 2 : ittapi_config_apply_per_lib :  ITTAPI function instrumented: __itt_model_iteration_taskAL
28547 : 0x312acf555c185 : 2 : ittapi_config_apply_per_lib :  ITTAPI function instrumented: __itt_model_site_end_2
28547 : 0x312acf555df62 : 2 : ittapi_config_apply_per_lib :  ITTAPI function instrumented: __itt_model_task_end_2
28547 : 0x312acf555e87d : 2 : ittapi_config_apply_per_lib :  ITTAPI function instrumented: __itt_model_lock_acquire_2
28547 : 0x312acf555f16c : 2 : ittapi_config_apply_per_lib :  ITTAPI function instrumented: __itt_model_lock_release_2
28547 : 0x312acf555fa60 : 2 : ittapi_config_apply_per_lib :  ITTAPI function instrumented: __itt_model_aggregate_task
28547 : 0x312acf55602b3 : 2 : ittapi_config_apply_per_lib :  ITTAPI function instrumented: __itt_model_disable_push
28547 : 0x312acf5560b20 : 2 : ittapi_config_apply_per_lib :  ITTAPI function instrumented: __itt_model_disable_pop
28547 : 0x312acf5561390 : 2 : ittapi_config_apply_per_lib :  ITTAPI function instrumented: __itt_heap_function_create
28547 : 0x312acf5561c61 : 2 : ittapi_config_apply_per_lib :  ITTAPI function instrumented: __itt_heap_allocate_begin
28547 : 0x312acf5562501 : 2 : ittapi_config_apply_per_lib :  ITTAPI function instrumented: __itt_heap_allocate_end
28547 : 0x312acf5562dcb : 2 : ittapi_config_apply_per_lib :  ITTAPI function instrumented: __itt_heap_free_begin
28547 : 0x312acf5564b83 : 2 : ittapi_config_apply_per_lib :  ITTAPI function instrumented: __itt_heap_free_end
28547 : 0x312acf55654d4 : 2 : ittapi_config_apply_per_lib :  ITTAPI function instrumented: __itt_heap_reallocate_begin
28547 : 0x312acf5565d6c : 2 : ittapi_config_apply_per_lib :  ITTAPI function instrumented: __itt_heap_reallocate_end
28547 : 0x312acf55667cf : 2 : ittapi_config_apply_per_lib :  ITTAPI function not implemented: __itt_heap_internal_access_begin
28547 : 0x312acf5567231 : 2 : ittapi_config_apply_per_lib :  ITTAPI function not implemented: __itt_heap_internal_access_end
28547 : 0x312acf5567ca7 : 2 : ittapi_config_apply_per_lib :  ITTAPI function not implemented: __itt_heap_record_memory_growth_begin
28547 : 0x312acf5568792 : 2 : ittapi_config_apply_per_lib :  ITTAPI function not implemented: __itt_heap_record_memory_growth_end
28547 : 0x312acf5569192 : 2 : ittapi_config_apply_per_lib :  ITTAPI function not implemented: __itt_heap_reset_detection
28547 : 0x312acf5569bf8 : 2 : ittapi_config_apply_per_lib :  ITTAPI function not implemented: __itt_heap_record
28547 : 0x312acf556a637 : 2 : ittapi_config_apply_per_lib :  ITTAPI function not implemented: __itt_id_create
28547 : 0x312acf556cda3 : 2 : ittapi_config_apply_per_lib :  ITTAPI function not implemented: __itt_id_destroy
28547 : 0x312acf556d712 : 2 : ittapi_config_apply_per_lib :  ITTAPI function instrumented: __itt_get_timestamp
28547 : 0x312acf556e15f : 2 : ittapi_config_apply_per_lib :  ITTAPI function not implemented: __itt_region_begin
28547 : 0x312acf556eb42 : 2 : ittapi_config_apply_per_lib :  ITTAPI function not implemented: __itt_region_end
28547 : 0x312acf556f407 : 2 : ittapi_config_apply_per_lib :  ITTAPI function instrumented: __itt_frame_begin_v3
28547 : 0x312acf556fce2 : 2 : ittapi_config_apply_per_lib :  ITTAPI function instrumented: __itt_frame_end_v3
28547 : 0x312acf55705d1 : 2 : ittapi_config_apply_per_lib :  ITTAPI function instrumented: __itt_frame_submit_v3
28547 : 0x312acf5571004 : 2 : ittapi_config_apply_per_lib :  ITTAPI function not implemented: __itt_task_group
28547 : 0x312acf5571900 : 2 : ittapi_config_apply_per_lib :  ITTAPI function instrumented: __itt_task_begin
28547 : 0x312acf557219f : 2 : ittapi_config_apply_per_lib :  ITTAPI function instrumented: __itt_task_begin_fn
28547 : 0x312acf5573f7e : 2 : ittapi_config_apply_per_lib :  ITTAPI function instrumented: __itt_task_end
28547 : 0x312acf5574a6a : 2 : ittapi_config_apply_per_lib :  ITTAPI function not implemented: __itt_counter_inc_v3
28547 : 0x312acf55754e4 : 2 : ittapi_config_apply_per_lib :  ITTAPI function not implemented: __itt_counter_inc_delta_v3
28547 : 0x312acf5575f8b : 2 : ittapi_config_apply_per_lib :  ITTAPI function not implemented: __itt_marker
28547 : 0x312acf55768a8 : 2 : ittapi_config_apply_per_lib :  ITTAPI function instrumented: __itt_metadata_add
28547 : 0x312acf55772e6 : 2 : ittapi_config_apply_per_lib :  ITTAPI function not implemented: __itt_metadata_str_add
28547 : 0x312acf5577d11 : 2 : ittapi_config_apply_per_lib :  ITTAPI function not implemented: __itt_relation_add_to_current
28547 : 0x312acf557872a : 2 : ittapi_config_apply_per_lib :  ITTAPI function not implemented: __itt_relation_add
28547 : 0x312acf5578fce : 2 : ittapi_config_apply_per_lib :  ITTAPI function instrumented: __itt_event_create
28547 : 0x312acf557985d : 2 : ittapi_config_apply_per_lib :  ITTAPI function instrumented: __itt_event_start
28547 : 0x312acf557b60a : 2 : ittapi_config_apply_per_lib :  ITTAPI function instrumented: __itt_event_end
28547 : 0x312acf557be11 : 2 : ittapi_config_apply_per_lib :  ITTAPI function NOT instrumented (not matched by --itt-config option): __itt_sync_set_name

28547 : 0x312acf557c615 : 2 : ittapi_config_apply_per_lib :  ITTAPI function NOT instrumented (not matched by --itt-config option): __itt_notify_sync_name

28547 : 0x312acf557ce22 : 2 : ittapi_config_apply_per_lib :  ITTAPI function NOT instrumented (not matched by --itt-config option): __itt_notify_sync_prepare

28547 : 0x312acf557d5e7 : 2 : ittapi_config_apply_per_lib :  ITTAPI function NOT instrumented (not matched by --itt-config option): __itt_notify_sync_cancel

28547 : 0x312acf557ddc9 : 2 : ittapi_config_apply_per_lib :  ITTAPI function NOT instrumented (not matched by --itt-config option): __itt_notify_sync_acquired

28547 : 0x312acf557e580 : 2 : ittapi_config_apply_per_lib :  ITTAPI function NOT instrumented (not matched by --itt-config option): __itt_notify_sync_releasing

28547 : 0x312acf557efa1 : 2 : ittapi_config_apply_per_lib :  ITTAPI function not implemented: __itt_memory_read
28547 : 0x312acf557f9d8 : 2 : ittapi_config_apply_per_lib :  ITTAPI function not implemented: __itt_memory_write
28547 : 0x312acf5580422 : 2 : ittapi_config_apply_per_lib :  ITTAPI function not implemented: __itt_memory_update
28547 : 0x312acf5582d04 : 2 : ittapi_config_apply_per_lib :  ITTAPI function not implemented: __itt_state_get
28547 : 0x312acf558379a : 2 : ittapi_config_apply_per_lib :  ITTAPI function not implemented: __itt_state_set
28547 : 0x312acf55841db : 2 : ittapi_config_apply_per_lib :  ITTAPI function not implemented: __itt_obj_mode_set
28547 : 0x312acf5584b8a : 2 : ittapi_config_apply_per_lib :  ITTAPI function not implemented: __itt_thr_mode_set
28547 : 0x312acf55853b4 : 2 : ittapi_config_apply_per_lib :  ITTAPI function instrumented: __itt_frame_create
28547 : 0x312acf5585cac : 2 : ittapi_config_apply_per_lib :  ITTAPI function instrumented: __itt_frame_begin
28547 : 0x312acf558656e : 2 : ittapi_config_apply_per_lib :  ITTAPI function instrumented: __itt_frame_end
28547 : 0x312acf5586e29 : 2 : ittapi_config_apply_per_lib :  ITTAPI function instrumented: __itt_counter_create
28547 : 0x312acf558786c : 2 : ittapi_config_apply_per_lib :  ITTAPI function not implemented: __itt_counter_destroy
28547 : 0x312acf558814a : 2 : ittapi_config_apply_per_lib :  ITTAPI function instrumented: __itt_counter_inc
28547 : 0x312acf5589f95 : 2 : ittapi_config_apply_per_lib :  ITTAPI function instrumented: __itt_counter_inc_delta
28547 : 0x312acf558a9d1 : 2 : ittapi_config_apply_per_lib :  ITTAPI function not implemented: __itt_mark_create
28547 : 0x312acf558b3a9 : 2 : ittapi_config_apply_per_lib :  ITTAPI function not implemented: __itt_mark
28547 : 0x312acf558be33 : 2 : ittapi_config_apply_per_lib :  ITTAPI function not implemented: __itt_mark_off
28547 : 0x312acf558c81f : 2 : ittapi_config_apply_per_lib :  ITTAPI function not implemented: __itt_mark_global
28547 : 0x312acf558d1e5 : 2 : ittapi_config_apply_per_lib :  ITTAPI function not implemented: __itt_mark_global_off
28547 : 0x312acf558db18 : 2 : ittapi_config_apply_per_lib :  ITTAPI function instrumented: __itt_stack_caller_create
28547 : 0x312acf558e45f : 2 : ittapi_config_apply_per_lib :  ITTAPI function instrumented: __itt_stack_caller_destroy
28547 : 0x312acf558ed16 : 2 : ittapi_config_apply_per_lib :  ITTAPI function instrumented: __itt_stack_callee_enter
28547 : 0x312acf558f5df : 2 : ittapi_config_apply_per_lib :  ITTAPI function instrumented: __itt_stack_callee_leave
28547 : 0x312acf5591484 : 2 : ittapi_config_apply_per_lib :  ITTAPI function not implemented: __itt_clock_domain_create
28547 : 0x312acf5591f6b : 2 : ittapi_config_apply_per_lib :  ITTAPI function not implemented: __itt_clock_domain_reset
28547 : 0x312acf5592931 : 2 : ittapi_config_apply_per_lib :  ITTAPI function not implemented: __itt_id_create_ex
28547 : 0x312acf5593315 : 2 : ittapi_config_apply_per_lib :  ITTAPI function not implemented: __itt_id_destroy_ex
28547 : 0x312acf5593d18 : 2 : ittapi_config_apply_per_lib :  ITTAPI function not implemented: __itt_task_begin_ex
28547 : 0x312acf559473f : 2 : ittapi_config_apply_per_lib :  ITTAPI function not implemented: __itt_task_begin_fn_ex
28547 : 0x312acf559513a : 2 : ittapi_config_apply_per_lib :  ITTAPI function not implemented: __itt_task_end_ex
28547 : 0x312acf55959ff : 2 : ittapi_config_apply_per_lib :  ITTAPI function instrumented: __itt_task_begin_overlapped
28547 : 0x312acf5596439 : 2 : ittapi_config_apply_per_lib :  ITTAPI function not implemented: __itt_task_begin_overlapped_ex
28547 : 0x312acf5596d2e : 2 : ittapi_config_apply_per_lib :  ITTAPI function instrumented: __itt_task_end_overlapped
28547 : 0x312acf559b229 : 2 : ittapi_config_apply_per_lib :  ITTAPI function not implemented: __itt_task_end_overlapped_ex
28547 : 0x312acf559bcc3 : 2 : ittapi_config_apply_per_lib :  ITTAPI function not implemented: __itt_marker_ex
28547 : 0x312acf559c719 : 2 : ittapi_config_apply_per_lib :  ITTAPI function not implemented: __itt_metadata_add_with_scope
28547 : 0x312acf559d1e5 : 2 : ittapi_config_apply_per_lib :  ITTAPI function not implemented: __itt_metadata_str_add_with_scope
28547 : 0x312acf559dcd0 : 2 : ittapi_config_apply_per_lib :  ITTAPI function not implemented: __itt_relation_add_to_current_ex
28547 : 0x312acf559e6ab : 2 : ittapi_config_apply_per_lib :  ITTAPI function not implemented: __itt_relation_add_ex
28547 : 0x312acf559f222 : 2 : ittapi_config_apply_per_lib :  ITTAPI function not implemented: __itt_track_group_create
28547 : 0x312acf559fc7f : 2 : ittapi_config_apply_per_lib :  ITTAPI function not implemented: __itt_track_create
28547 : 0x312acf55a0624 : 2 : ittapi_config_apply_per_lib :  ITTAPI function not implemented: __itt_set_track
28547 : 0x312acf55a0ef6 : 2 : ittapi_config_apply_per_lib :  ITTAPI function instrumented: __itt_api_version
28547 : 0x312acf55a373f : 2 : ittapi_config_apply_per_lib :  ITTAPI function not implemented: __itt_av_save