Running on host compute104.bc4.acrc.priv
Time is Fri Feb 25 17:25:46 GMT 2022
Directory is /user/home/ra18837/HPC/advanced-hpc-lbm
Slurm job ID is 10065554
This job runs on the following machines:
compute104
==done==
Reynolds number:		9.756126403809E+00
Elapsed Init time:			0.014174 (s)
Elapsed Compute time:			0.807619 (s)
Elapsed Collate time:			0.000000 (s)
Elapsed Total time:			0.821793 (s)
python check/check.py --ref-av-vels-file=check/128x128.av_vels.dat --ref-final-state-file=check/128x128.final_state.dat --av-vels-file=./av_vels.dat --final-state-file=./final_state.dat
Total difference in av_vels : 1.860228273229E-01
Biggest difference (at step 39866) : 1.021271854000E-05
  1.317792106420E-02 vs. 1.318813378274E-02 = 0.077%

Total difference in final_state : 3.645364149559E-01
Biggest difference (at coord (98,79)) : -2.303588262999E-05
  3.333968296647E-02 vs. 3.331664708384E-02 = -0.069%

Both tests passed!
